This file contains any messages produced by compilers while
running configure, to aid debugging if configure makes a mistake.

It was created by Rarr configure 0.0.0.9000, which was
generated by GNU Autoconf 2.71.  Invocation command line was

  $ ./configure

## --------- ##
## Platform. ##
## --------- ##

hostname = pc-huber126
uname -m = x86_64
uname -r = 5.15.0-86-generic
uname -s = Linux
uname -v = #96-Ubuntu SMP Wed Sep 20 08:23:49 UTC 2023

/usr/bin/uname -p = x86_64
/bin/uname -X     = unknown

/bin/arch              = x86_64
/usr/bin/arch -k       = unknown
/usr/convex/getsysinfo = unknown
/usr/bin/hostinfo      = unknown
/bin/machine           = unknown
/usr/bin/oslevel       = unknown
/bin/universe          = unknown

PATH: /usr/bin/
PATH: /usr/bin/
PATH: /usr/bin/
PATH: /home/msmith/bin/
PATH: /usr/local/sbin/
PATH: /usr/local/bin/
PATH: /usr/sbin/
PATH: /usr/bin/
PATH: /sbin/
PATH: /bin/
PATH: /usr/games/
PATH: /usr/local/games/
PATH: /snap/bin/
PATH: /opt/quarto/bin/
PATH: /usr/lib/rstudio/resources/app/bin/postback/
PATH: /usr/lib/rstudio/resources/app/bin/postback/
PATH: /usr/lib/rstudio/resources/app/bin/postback/


## ----------- ##
## Core tests. ##
## ----------- ##

configure:2507: is NOT Bioc build machine
configure:2515: configuring the Zstd filter...
configure:2581: checking for gcc
configure:2613: result: gcc
configure:2966: checking for C compiler version
configure:2975: gcc --version >&5
gcc (Ubuntu 11.4.0-1ubuntu1~22.04) 11.4.0
Copyright (C) 2021 Free Software Foundation, Inc.
This is free software; see the source for copying conditions.  There is NO
warranty; not even for MERCHANTABILITY or FITNESS FOR A PARTICULAR PURPOSE.

configure:2986: $? = 0
configure:2975: gcc -v >&5
Using built-in specs.
COLLECT_GCC=gcc
COLLECT_LTO_WRAPPER=/usr/lib/gcc/x86_64-linux-gnu/11/lto-wrapper
OFFLOAD_TARGET_NAMES=nvptx-none:amdgcn-amdhsa
OFFLOAD_TARGET_DEFAULT=1
Target: x86_64-linux-gnu
Configured with: ../src/configure -v --with-pkgversion='Ubuntu 11.4.0-1ubuntu1~22.04' --with-bugurl=file:///usr/share/doc/gcc-11/README.Bugs --enable-languages=c,ada,c++,go,brig,d,fortran,objc,obj-c++,m2 --prefix=/usr --with-gcc-major-version-only --program-suffix=-11 --program-prefix=x86_64-linux-gnu- --enable-shared --enable-linker-build-id --libexecdir=/usr/lib --without-included-gettext --enable-threads=posix --libdir=/usr/lib --enable-nls --enable-bootstrap --enable-clocale=gnu --enable-libstdcxx-debug --enable-libstdcxx-time=yes --with-default-libstdcxx-abi=new --enable-gnu-unique-object --disable-vtable-verify --enable-plugin --enable-default-pie --with-system-zlib --enable-libphobos-checking=release --with-target-system-zlib=auto --enable-objc-gc=auto --enable-multiarch --disable-werror --enable-cet --with-arch-32=i686 --with-abi=m64 --with-multilib-list=m32,m64,mx32 --enable-multilib --with-tune=generic --enable-offload-targets=nvptx-none=/build/gcc-11-XeT9lY/gcc-11-11.4.0/debian/tmp-nvptx/usr,amdgcn-amdhsa=/build/gcc-11-XeT9lY/gcc-11-11.4.0/debian/tmp-gcn/usr --without-cuda-driver --enable-checking=release --build=x86_64-linux-gnu --host=x86_64-linux-gnu --target=x86_64-linux-gnu --with-build-config=bootstrap-lto-lean --enable-link-serialization=2
Thread model: posix
Supported LTO compression algorithms: zlib zstd
gcc version 11.4.0 (Ubuntu 11.4.0-1ubuntu1~22.04) 
... rest of stderr output deleted ...
configure:2986: $? = 0
configure:2975: gcc -V >&5
gcc: error: unrecognized command-line option '-V'
gcc: fatal error: no input files
compilation terminated.
configure:2986: $? = 1
configure:2975: gcc -qversion >&5
gcc: error: unrecognized command-line option '-qversion'; did you mean '--version'?
gcc: fatal error: no input files
compilation terminated.
configure:2986: $? = 1
configure:2975: gcc -version >&5
gcc: error: unrecognized command-line option '-version'
gcc: fatal error: no input files
compilation terminated.
configure:2986: $? = 1
configure:3006: checking whether the C compiler works
configure:3028: gcc -march=native -I/usr/local/include -L/usr/local/lib conftest.c  >&5
configure:3032: $? = 0
configure:3082: result: yes
configure:3085: checking for C compiler default output file name
configure:3087: result: a.out
configure:3093: checking for suffix of executables
configure:3100: gcc -o conftest -march=native -I/usr/local/include -L/usr/local/lib conftest.c  >&5
configure:3104: $? = 0
configure:3127: result: 
configure:3149: checking whether we are cross compiling
configure:3157: gcc -o conftest -march=native -I/usr/local/include -L/usr/local/lib conftest.c  >&5
configure:3161: $? = 0
configure:3168: ./conftest
configure:3172: $? = 0
configure:3187: result: no
configure:3192: checking for suffix of object files
configure:3215: gcc -c -march=native -I/usr/local/include conftest.c >&5
configure:3219: $? = 0
configure:3241: result: o
configure:3245: checking whether the compiler supports GNU C
configure:3265: gcc -c -march=native -I/usr/local/include conftest.c >&5
configure:3265: $? = 0
configure:3275: result: yes
configure:3286: checking whether gcc accepts -g
configure:3307: gcc -c -g -I/usr/local/include conftest.c >&5
configure:3307: $? = 0
configure:3351: result: yes
configure:3371: checking for gcc option to enable C11 features
configure:3386: gcc  -c -march=native -I/usr/local/include conftest.c >&5
configure:3386: $? = 0
configure:3404: result: none needed
configure:3519: checking for stdio.h
configure:3519: gcc -c -march=native -I/usr/local/include conftest.c >&5
configure:3519: $? = 0
configure:3519: result: yes
configure:3519: checking for stdlib.h
configure:3519: gcc -c -march=native -I/usr/local/include conftest.c >&5
configure:3519: $? = 0
configure:3519: result: yes
configure:3519: checking for string.h
configure:3519: gcc -c -march=native -I/usr/local/include conftest.c >&5
configure:3519: $? = 0
configure:3519: result: yes
configure:3519: checking for inttypes.h
configure:3519: gcc -c -march=native -I/usr/local/include conftest.c >&5
configure:3519: $? = 0
configure:3519: result: yes
configure:3519: checking for stdint.h
configure:3519: gcc -c -march=native -I/usr/local/include conftest.c >&5
configure:3519: $? = 0
configure:3519: result: yes
configure:3519: checking for strings.h
configure:3519: gcc -c -march=native -I/usr/local/include conftest.c >&5
configure:3519: $? = 0
configure:3519: result: yes
configure:3519: checking for sys/stat.h
configure:3519: gcc -c -march=native -I/usr/local/include conftest.c >&5
configure:3519: $? = 0
configure:3519: result: yes
configure:3519: checking for sys/types.h
configure:3519: gcc -c -march=native -I/usr/local/include conftest.c >&5
configure:3519: $? = 0
configure:3519: result: yes
configure:3519: checking for unistd.h
configure:3519: gcc -c -march=native -I/usr/local/include conftest.c >&5
configure:3519: $? = 0
configure:3519: result: yes
configure:3546: checking for zstd.h
configure:3546: gcc -c -march=native -I/usr/local/include conftest.c >&5
configure:3546: $? = 0
configure:3546: result: yes
configure:3557: checking for ZSTD_decompress in -lzstd
configure:3580: gcc -o conftest -march=native -I/usr/local/include -L/usr/local/lib conftest.c -lzstd   >&5
configure:3580: $? = 0
configure:3590: result: yes
configure:3615: Using system Zstd library
configure:3631: configuring the BLOSC filter...
configure:3637: checking for blosc.h
configure:3637: gcc -c -march=native -I/usr/local/include conftest.c >&5
conftest.c:49:10: fatal error: blosc.h: No such file or directory
   49 | #include <blosc.h>
      |          ^~~~~~~~~
compilation terminated.
configure:3637: $? = 1
configure: failed program was:
| /* confdefs.h */
| #define PACKAGE_NAME "Rarr"
| #define PACKAGE_TARNAME "rarr"
| #define PACKAGE_VERSION "0.0.0.9000"
| #define PACKAGE_STRING "Rarr 0.0.0.9000"
| #define PACKAGE_BUGREPORT "grimbough@gmail.com"
| #define PACKAGE_URL ""
| #define HAVE_STDIO_H 1
| #define HAVE_STDLIB_H 1
| #define HAVE_STRING_H 1
| #define HAVE_INTTYPES_H 1
| #define HAVE_STDINT_H 1
| #define HAVE_STRINGS_H 1
| #define HAVE_SYS_STAT_H 1
| #define HAVE_SYS_TYPES_H 1
| #define HAVE_UNISTD_H 1
| #define STDC_HEADERS 1
| #define HAVE_ZSTD_H 1
| #define HAVE_LIBZSTD 1
| /* end confdefs.h.  */
| #include <stddef.h>
| #ifdef HAVE_STDIO_H
| # include <stdio.h>
| #endif
| #ifdef HAVE_STDLIB_H
| # include <stdlib.h>
| #endif
| #ifdef HAVE_STRING_H
| # include <string.h>
| #endif
| #ifdef HAVE_INTTYPES_H
| # include <inttypes.h>
| #endif
| #ifdef HAVE_STDINT_H
| # include <stdint.h>
| #endif
| #ifdef HAVE_STRINGS_H
| # include <strings.h>
| #endif
| #ifdef HAVE_SYS_TYPES_H
| # include <sys/types.h>
| #endif
| #ifdef HAVE_SYS_STAT_H
| # include <sys/stat.h>
| #endif
| #ifdef HAVE_UNISTD_H
| # include <unistd.h>
| #endif
| #include <blosc.h>
configure:3637: result: no
configure:3699: compiling bundled BLOSC library
configure:3713: checking whether C compiler accepts -msse2
configure:3733: gcc -c -march=native  -msse2 -I/usr/local/include conftest.c >&5
configure:3733: $? = 0
configure:3742: result: yes
configure:3758: checking whether C compiler accepts -mavx2
configure:3778: gcc -c -march=native  -mavx2 -I/usr/local/include conftest.c >&5
configure:3778: $? = 0
configure:3787: result: yes
configure:3817: gcc -o conftest -march=native -I/usr/local/include -L/usr/local/lib conftest.c -lzstd  >&5
configure:3817: $? = 0
configure:3817: ./conftest
configure:3817: $? = 0
configure:3836: checking for gcc __builtin_cpu_init function
configure:3872: result: true
configure:3888: checking for x86 sse2 instruction support
configure:3916: gcc -o conftest -march=native -I/usr/local/include -L/usr/local/lib conftest.c -lzstd  >&5
configure:3916: $? = 0
configure:3916: ./conftest
configure:3916: $? = 0
configure:3929: result: yes
configure:3959: checking for x86 avx2 instruction support
configure:3987: gcc -o conftest -march=native -I/usr/local/include -L/usr/local/lib conftest.c -lzstd  >&5
configure:3987: $? = 0
configure:3987: ./conftest
configure:3987: $? = 0
configure:4000: result: yes
configure:4243: creating ./config.status

## ---------------------- ##
## Running config.status. ##
## ---------------------- ##

This file was extended by Rarr config.status 0.0.0.9000, which was
generated by GNU Autoconf 2.71.  Invocation command line was

  CONFIG_FILES    = 
  CONFIG_HEADERS  = 
  CONFIG_LINKS    = 
  CONFIG_COMMANDS = 
  $ ./config.status 

on pc-huber126

config.status:749: creating src/Makevars
config.status:749: creating src/compression_tools/blosc/lib/blosc-1.20.1/Makefile
config.status:749: creating src/compression_tools/blosc/Makefile

## ---------------- ##
## Cache variables. ##
## ---------------- ##

ac_cv_c_compiler_gnu=yes
ac_cv_env_CC_set=set
ac_cv_env_CC_value=gcc
ac_cv_env_CFLAGS_set=set
ac_cv_env_CFLAGS_value=-march=native
ac_cv_env_CPPFLAGS_set=set
ac_cv_env_CPPFLAGS_value=-I/usr/local/include
ac_cv_env_LDFLAGS_set=set
ac_cv_env_LDFLAGS_value=-L/usr/local/lib
ac_cv_env_LIBS_set=
ac_cv_env_LIBS_value=
ac_cv_env_build_alias_set=
ac_cv_env_build_alias_value=
ac_cv_env_host_alias_set=
ac_cv_env_host_alias_value=
ac_cv_env_target_alias_set=
ac_cv_env_target_alias_value=
ac_cv_header_blosc_h=no
ac_cv_header_inttypes_h=yes
ac_cv_header_stdint_h=yes
ac_cv_header_stdio_h=yes
ac_cv_header_stdlib_h=yes
ac_cv_header_string_h=yes
ac_cv_header_strings_h=yes
ac_cv_header_sys_stat_h=yes
ac_cv_header_sys_types_h=yes
ac_cv_header_unistd_h=yes
ac_cv_header_zstd_h=yes
ac_cv_lib_zstd_ZSTD_decompress=yes
ac_cv_objext=o
ac_cv_prog_ac_ct_CC=gcc
ac_cv_prog_cc_c11=
ac_cv_prog_cc_g=yes
ac_cv_prog_cc_stdc=
ax_cv_check_cflags___mavx2=yes
ax_cv_check_cflags___msse2=yes
ax_cv_gcc_check_x86_cpu_init=true
ax_cv_gcc_x86_cpu_supports_avx2=yes
ax_cv_gcc_x86_cpu_supports_sse2=yes

## ----------------- ##
## Output variables. ##
## ----------------- ##

	$(CC) $(FLAGS) -c bitshuffle-avx2.c'
	$(CC) $(FLAGS) -c bitshuffle-sse2.c'
	$(CC) $(FLAGS) -c shuffle-avx2.c'
	$(CC) $(FLAGS) -c shuffle-sse2.c'
AR='ar'
AVX2='-DSHUFFLE_AVX2_ENABLED'
AVX2_BITSHUFFLE='bitshuffle-avx2.o: bitshuffle-avx2.c
AVX2_BITSHUFFLE_OBJ='bitshuffle-avx2.o'
AVX2_OBJ_PATH='lib/blosc-1.20.1/'
AVX2_SHUFFLE='shuffle-avx2.o: shuffle-avx2.c
AVX2_SHUFFLE_OBJ='shuffle-avx2.o'
BLOSC_INCLUDE='-I./lib/blosc-1.20.1'
BLOSC_LIB='./compression_tools/blosc/libblosc.a'
BUILD_BLOSC='libblosc.a'
BUILD_ZSTD=''
CC='gcc'
CFLAGS='-march=native'
CPICFLAGS='-fpic'
CPPFLAGS='-I/usr/local/include'
CXX='g++ -std=gnu++17'
CXXFLAGS='-march=native'
CXXPICFLAGS='-fpic'
DEFS='-DPACKAGE_NAME=\"Rarr\" -DPACKAGE_TARNAME=\"rarr\" -DPACKAGE_VERSION=\"0.0.0.9000\" -DPACKAGE_STRING=\"Rarr\ 0.0.0.9000\" -DPACKAGE_BUGREPORT=\"grimbough@gmail.com\" -DPACKAGE_URL=\"\" -DHAVE_STDIO_H=1 -DHAVE_STDLIB_H=1 -DHAVE_STRING_H=1 -DHAVE_INTTYPES_H=1 -DHAVE_STDINT_H=1 -DHAVE_STRINGS_H=1 -DHAVE_SYS_STAT_H=1 -DHAVE_SYS_TYPES_H=1 -DHAVE_UNISTD_H=1 -DSTDC_HEADERS=1 -DHAVE_ZSTD_H=1 -DHAVE_LIBZSTD=1 -DHAVE_SSE2_INSTRUCTIONS=1 -DHAVE_AVX2_INSTRUCTIONS=1'
ECHO_C=''
ECHO_N='-n'
ECHO_T=''
EXEEXT=''
LDFLAGS='-L/usr/local/lib'
LIBOBJS=''
LIBS='-lzstd '
LTLIBOBJS=''
MAKE='make'
MAVX2='-mavx2'
MSSE2='-msse2'
OBJEXT='o'
PACKAGE_BUGREPORT='grimbough@gmail.com'
PACKAGE_NAME='Rarr'
PACKAGE_STRING='Rarr 0.0.0.9000'
PACKAGE_TARNAME='rarr'
PACKAGE_URL=''
PACKAGE_VERSION='0.0.0.9000'
PATH_SEPARATOR=':'
RANLIB='ranlib'
R_CPPFLAGS='-I/home/msmith/Applications/R/R-4.3.1/include'
SHELL='/bin/bash'
SSE2='-DSHUFFLE_SSE2_ENABLED'
SSE2_BITSHUFFLE='bitshuffle-sse2.o: bitshuffle-sse2.c
SSE2_BITSHUFFLE_OBJ='bitshuffle-sse2.o'
SSE2_OBJ_PATH='lib/blosc-1.20.1/'
SSE2_SHUFFLE='shuffle-sse2.o: shuffle-sse2.c
SSE2_SHUFFLE_OBJ='shuffle-sse2.o'
ZSTD_INCLUDE=''
ZSTD_LIB='-lzstd'
ac_ct_CC='gcc'
bindir='${exec_prefix}/bin'
build_alias=''
datadir='${datarootdir}'
datarootdir='${prefix}/share'
docdir='${datarootdir}/doc/${PACKAGE_TARNAME}'
dvidir='${docdir}'
exec_prefix='${prefix}'
host_alias=''
htmldir='${docdir}'
includedir='${prefix}/include'
infodir='${datarootdir}/info'
libdir='${exec_prefix}/lib'
libexecdir='${exec_prefix}/libexec'
localedir='${datarootdir}/locale'
localstatedir='${prefix}/var'
mandir='${datarootdir}/man'
oldincludedir='/usr/include'
pdfdir='${docdir}'
prefix='/usr/local'
program_transform_name='s,x,x,'
psdir='${docdir}'
runstatedir='${localstatedir}/run'
sbindir='${exec_prefix}/sbin'
sharedstatedir='${prefix}/com'
sysconfdir='${prefix}/etc'
target_alias=''

## ----------- ##
## confdefs.h. ##
## ----------- ##

/* confdefs.h */
#define PACKAGE_NAME "Rarr"
#define PACKAGE_TARNAME "rarr"
#define PACKAGE_VERSION "0.0.0.9000"
#define PACKAGE_STRING "Rarr 0.0.0.9000"
#define PACKAGE_BUGREPORT "grimbough@gmail.com"
#define PACKAGE_URL ""
#define HAVE_STDIO_H 1
#define HAVE_STDLIB_H 1
#define HAVE_STRING_H 1
#define HAVE_INTTYPES_H 1
#define HAVE_STDINT_H 1
#define HAVE_STRINGS_H 1
#define HAVE_SYS_STAT_H 1
#define HAVE_SYS_TYPES_H 1
#define HAVE_UNISTD_H 1
#define STDC_HEADERS 1
#define HAVE_ZSTD_H 1
#define HAVE_LIBZSTD 1
#define HAVE_SSE2_INSTRUCTIONS 1
#define HAVE_AVX2_INSTRUCTIONS 1

configure: exit 0
